MyApplicationtest/app/build/intermediates/manifest_merge_blame_file/debug/processDebugMainManifest/manifest-merger-blame-debug-report.txt
1<?xml version="1.0" encoding="utf-8"?>
2<manifest xmlns:android="http://schemas.android.com/apk/res/android"
3    package="com.example.myapplicationtest"
4    android:versionCode="1"
5    android:versionName="1.0" >
6
7    <uses-sdk
8        android:minSdkVersion="24"
9        android:targetSdkVersion="34" />
10
11    <permission
11-->[androidx.core:core:1.13.0] AndroidManifest.xml:22:5-24:47
12        android:name="com.example.myapplicationtest.DYNAMIC_RECEIVER_NOT_EXPORTED_PERMISSION"
12-->[androidx.core:core:1.13.0] AndroidManifest.xml:23:9-81
13        android:protectionLevel="signature" />
13-->[androidx.core:core:1.13.0] AndroidManifest.xml:24:9-44
14
15    <uses-permission android:name="com.example.myapplicationtest.DYNAMIC_RECEIVER_NOT_EXPORTED_PERMISSION" />
15-->[androidx.core:core:1.13.0] AndroidManifest.xml:26:5-97
15-->[androidx.core:core:1.13.0] AndroidManifest.xml:26:22-94
16
17    <application
17-->src\main\AndroidManifest.xml:6:5-39:19
18        android:allowBackup="true"
18-->src\main\AndroidManifest.xml:7:9-35
19        android:appComponentFactory="androidx.core.app.CoreComponentFactory"
19-->[androidx.core:core:1.13.0] AndroidManifest.xml:28:18-86
20        android:dataExtractionRules="@xml/data_extraction_rules"
20-->src\main\AndroidManifest.xml:8:9-65
21        android:debuggable="true"
22        android:extractNativeLibs="false"
23        android:fullBackupContent="@xml/backup_rules"
23-->src\main\AndroidManifest.xml:9:9-54
24        android:icon="@mipmap/ic_launcher"
24-->src\main\AndroidManifest.xml:10:9-43
25        android:label="@string/app_name"
25-->src\main\AndroidManifest.xml:11:9-41
26        android:roundIcon="@mipmap/ic_launcher_round"
26-->src\main\AndroidManifest.xml:12:9-54
27        android:supportsRtl="true"
27-->src\main\AndroidManifest.xml:13:9-35
28        android:testOnly="true"
29        android:theme="@style/Theme.MyApplicationtest" >
29-->src\main\AndroidManifest.xml:14:9-55
30
31        <!-- Activity principal com launcher -->
32        <activity
32-->src\main\AndroidManifest.xml:18:9-25:20
33            android:name="com.example.myapplicationtest.Main2Activity"
33-->src\main\AndroidManifest.xml:19:13-42
34            android:exported="true" >
34-->src\main\AndroidManifest.xml:20:13-36
35            <intent-filter>
35-->src\main\AndroidManifest.xml:21:13-24:29
36                <action android:name="android.intent.action.MAIN" />
36-->src\main\AndroidManifest.xml:22:17-69
36-->src\main\AndroidManifest.xml:22:25-66
37
38                <category android:name="android.intent.category.LAUNCHER" />
38-->src\main\AndroidManifest.xml:23:17-77
38-->src\main\AndroidManifest.xml:23:27-74
39            </intent-filter>
40        </activity>
41
42        <!-- Todas as outras Activities -->
43        <activity
43-->src\main\AndroidManifest.xml:28:9-90
44            android:name="com.example.myapplicationtest.FormSymptomatologicActivity"
44-->src\main\AndroidManifest.xml:28:19-62
45            android:exported="false" />
45-->src\main\AndroidManifest.xml:28:63-87
46        <activity
46-->src\main\AndroidManifest.xml:29:9-76
47            android:name="com.example.myapplicationtest.GeralActivity"
47-->src\main\AndroidManifest.xml:29:19-48
48            android:exported="false" />
48-->src\main\AndroidManifest.xml:29:49-73
49        <activity
49-->src\main\AndroidManifest.xml:30:9-85
50            android:name="com.example.myapplicationtest.CardiovascularActivity"
50-->src\main\AndroidManifest.xml:30:19-57
51            android:exported="false" />
51-->src\main\AndroidManifest.xml:30:58-82
52        <activity
52-->src\main\AndroidManifest.xml:31:9-83
53            android:name="com.example.myapplicationtest.PsiquiatricoActivity"
53-->src\main\AndroidManifest.xml:31:19-55
54            android:exported="false" />
54-->src\main\AndroidManifest.xml:31:56-80
55        <activity
55-->src\main\AndroidManifest.xml:32:9-83
56            android:name="com.example.myapplicationtest.RespiratorioActivity"
56-->src\main\AndroidManifest.xml:32:19-55
57            android:exported="false" />
57-->src\main\AndroidManifest.xml:32:56-80
58        <activity
58-->src\main\AndroidManifest.xml:33:9-81
59            android:name="com.example.myapplicationtest.InfecciosoActivity"
59-->src\main\AndroidManifest.xml:33:19-53
60            android:exported="false" />
60-->src\main\AndroidManifest.xml:33:54-78
61        <activity
61-->src\main\AndroidManifest.xml:34:9-87
62            android:name="com.example.myapplicationtest.GastrointestinalActivity"
62-->src\main\AndroidManifest.xml:34:19-59
63            android:exported="false" />
63-->src\main\AndroidManifest.xml:34:60-84
64        <activity
64-->src\main\AndroidManifest.xml:35:9-82
65            android:name="com.example.myapplicationtest.NeurologicoActivity"
65-->src\main\AndroidManifest.xml:35:19-54
66            android:exported="false" />
66-->src\main\AndroidManifest.xml:35:55-79
67        <activity
67-->src\main\AndroidManifest.xml:36:9-89
68            android:name="com.example.myapplicationtest.MusculoEsqueleticoActivity"
68-->src\main\AndroidManifest.xml:36:19-61
69            android:exported="false" />
69-->src\main\AndroidManifest.xml:36:62-86
70        <activity
70-->src\main\AndroidManifest.xml:37:9-83
71            android:name="com.example.myapplicationtest.HematologicoActivity"
71-->src\main\AndroidManifest.xml:37:19-55
72            android:exported="false" />
72-->src\main\AndroidManifest.xml:37:56-80
73
74        <provider
74-->[androidx.emoji2:emoji2:1.3.0] AndroidManifest.xml:24:9-32:20
75            android:name="androidx.startup.InitializationProvider"
75-->[androidx.emoji2:emoji2:1.3.0] AndroidManifest.xml:25:13-67
76            android:authorities="com.example.myapplicationtest.androidx-startup"
76-->[androidx.emoji2:emoji2:1.3.0] AndroidManifest.xml:26:13-68
77            android:exported="false" >
77-->[androidx.emoji2:emoji2:1.3.0] AndroidManifest.xml:27:13-37
78            <meta-data
78-->[androidx.emoji2:emoji2:1.3.0] AndroidManifest.xml:29:13-31:52
79                android:name="androidx.emoji2.text.EmojiCompatInitializer"
79-->[androidx.emoji2:emoji2:1.3.0] AndroidManifest.xml:30:17-75
80                android:value="androidx.startup" />
80-->[androidx.emoji2:emoji2:1.3.0] AndroidManifest.xml:31:17-49
81            <meta-data
81-->[androidx.lifecycle:lifecycle-process:2.6.2] AndroidManifest.xml:29:13-31:52
82                android:name="androidx.lifecycle.ProcessLifecycleInitializer"
82-->[androidx.lifecycle:lifecycle-process:2.6.2] AndroidManifest.xml:30:17-78
83                android:value="androidx.startup" />
83-->[androidx.lifecycle:lifecycle-process:2.6.2] AndroidManifest.xml:31:17-49
84            <meta-data
84-->[androidx.profileinstaller:profileinstaller:1.4.0] AndroidManifest.xml:29:13-31:52
85                android:name="androidx.profileinstaller.ProfileInstallerInitializer"
85-->[androidx.profileinstaller:profileinstaller:1.4.0] AndroidManifest.xml:30:17-85
86                android:value="androidx.startup" />
86-->[androidx.profileinstaller:profileinstaller:1.4.0] AndroidManifest.xml:31:17-49
87        </provider>
88
89        <receiver
89-->[androidx.profileinstaller:profileinstaller:1.4.0] AndroidManifest.xml:34:9-52:20
90            android:name="androidx.profileinstaller.ProfileInstallReceiver"
90-->[androidx.profileinstaller:profileinstaller:1.4.0] AndroidManifest.xml:35:13-76
91            android:directBootAware="false"
91-->[androidx.profileinstaller:profileinstaller:1.4.0] AndroidManifest.xml:36:13-44
92            android:enabled="true"
92-->[androidx.profileinstaller:profileinstaller:1.4.0] AndroidManifest.xml:37:13-35
93            android:exported="true"
93-->[androidx.profileinstaller:profileinstaller:1.4.0] AndroidManifest.xml:38:13-36
94            android:permission="android.permission.DUMP" >
94-->[androidx.profileinstaller:profileinstaller:1.4.0] AndroidManifest.xml:39:13-57
95            <intent-filter>
95-->[androidx.profileinstaller:profileinstaller:1.4.0] AndroidManifest.xml:40:13-42:29
96                <action android:name="androidx.profileinstaller.action.INSTALL_PROFILE" />
96-->[androidx.profileinstaller:profileinstaller:1.4.0] AndroidManifest.xml:41:17-91
96-->[androidx.profileinstaller:profileinstaller:1.4.0] AndroidManifest.xml:41:25-88
97            </intent-filter>
98            <intent-filter>
98-->[androidx.profileinstaller:profileinstaller:1.4.0] AndroidManifest.xml:43:13-45:29
99                <action android:name="androidx.profileinstaller.action.SKIP_FILE" />
99-->[androidx.profileinstaller:profileinstaller:1.4.0] AndroidManifest.xml:44:17-85
99-->[androidx.profileinstaller:profileinstaller:1.4.0] AndroidManifest.xml:44:25-82
100            </intent-filter>
101            <intent-filter>
101-->[androidx.profileinstaller:profileinstaller:1.4.0] AndroidManifest.xml:46:13-48:29
102                <action android:name="androidx.profileinstaller.action.SAVE_PROFILE" />
102-->[androidx.profileinstaller:profileinstaller:1.4.0] AndroidManifest.xml:47:17-88
102-->[androidx.profileinstaller:profileinstaller:1.4.0] AndroidManifest.xml:47:25-85
103            </intent-filter>
104            <intent-filter>
104-->[androidx.profileinstaller:profileinstaller:1.4.0] AndroidManifest.xml:49:13-51:29
105                <action android:name="androidx.profileinstaller.action.BENCHMARK_OPERATION" />
105-->[androidx.profileinstaller:profileinstaller:1.4.0] AndroidManifest.xml:50:17-95
105-->[androidx.profileinstaller:profileinstaller:1.4.0] AndroidManifest.xml:50:25-92
106            </intent-filter>
107        </receiver>
108    </application>
109
110</manifest>